Atom position vectors (Bohr):
-8.599347247472e+00 -7.118178322968e+00 -1.211082822687e+00
-3.889497163708e+00 -3.912529977205e+00 -6.460871180887e+00
-6.637668514774e+00 -8.270844382090e+00 -1.628365966306e+00
-4.972741771454e+00 -3.276553005381e+00 -4.509309437152e+00
-5.650029781544e-01  6.722072546352e-01 -3.296914067390e+00
-9.497344743242e-01 -8.702887250509e-01 -1.295388834172e+00
-1.696226163752e+00  2.413389454892e+00  5.205011656705e+00
-1.448758798644e+00  4.910893095169e+00  4.331923699242e+00
-1.572251267107e+00  3.697478955155e-01  3.506806704035e+00
-1.090082203785e+00  5.384164893255e+00  1.744140131869e+00
-1.165406365892e+00  7.778732751526e-01  9.028750111802e-01
-9.294199373728e-01  3.333331924417e+00  7.477462975002e-02
-5.657321856717e-01  3.159155413899e+00 -2.500187996238e+00
-6.812270780587e+00 -1.547306126360e+00 -4.626568946346e+00
-4.408955776924e+00 -7.133069327042e+00 -1.899183977949e+00
-6.666020907313e+00 -1.111778122975e+01 -1.845455946154e+00
-8.316372041850e+00 -5.558698562010e-01 -2.531790642125e+00
-1.353327232466e+00 -3.665540523833e+00 -1.431224011029e+00
-4.114451994717e+00 -4.380303749410e+00 -1.950556787382e+00
-4.419122276712e-01  3.123014307263e-02 -5.242010472235e+00
-1.960601494321e+00  2.064121598542e+00  7.201985711317e+00
-1.515051657241e+00  6.463576248247e+00  5.660021935200e+00
-1.759914186064e+00 -1.538699576592e+00  4.204248473178e+00
-8.990908724085e-01  7.299024716332e+00  1.069037438864e+00
-5.239441805307e-01  4.643249955698e+00 -3.697770539896e+00
-7.240679025366e+00 -9.535535352347e-01 -6.384583409634e+00
-2.888248963074e+00 -8.200851194074e+00 -2.300226531787e+00
-6.206616014022e+00 -1.165211504893e+01 -3.777965452195e+00
-8.549232145262e+00 -1.180099432493e+01 -1.370266624071e+00
-5.292193169948e+00 -1.192225691657e+01 -5.439681342958e-01
-9.726580446432e+00  7.664218560858e-01 -3.246450235120e+00
-7.103394560852e+00  4.260805557264e-01 -1.181898364837e+00
-9.295214364527e+00 -2.103192026336e+00 -1.577100720085e+00
-7.738279384359e-01 -4.493745785064e+00  3.647764229219e-01
-1.447663626765e-01 -4.447255309843e+00 -2.907590442249e+00
-5.259507881067e+00 -3.576042074080e+00 -4.423084654452e-01
 7.559838933606e+00  7.251615947598e-01  6.412965546463e+00
 8.060127711471e+00  4.099884228297e-01  2.249338285927e+00
 6.317415588943e+00  4.354404126895e+00 -3.251033652454e+00
 5.216284307680e+00  5.894085435106e+00  5.649995029481e+00
 7.573690512722e+00  6.945042579114e+00  1.144462852497e+00
 8.336907015354e+00  1.536690703234e+00 -2.042051846170e-01
 7.766552956422e+00  2.238513008714e+00  4.218436158983e+00
 5.998389511107e+00  3.120922096983e+00 -8.491631932355e-01
 5.404850799185e+00  3.898295426192e+00  3.818993957509e+00
 5.551270539940e+00  5.128889236488e+00  1.199149088821e+00
 8.437836494029e+00 -8.465834147181e-01  6.070177674381e+00
 4.722488798858e+00  5.067057227587e+00 -3.822134266589e+00
 6.522894675736e+00  7.141413431647e+00  5.290198601817e+00
 7.945874699850e+00  7.364362866394e+00 -6.120842951455e-01
 8.564606560176e+00  4.617243431376e-02 -1.619211206989e+00
 1.003594594196e+01  2.717014302599e+00 -2.558514563176e-01
 9.446723912526e+00  3.444135770118e+00  4.324778493583e+00
 4.370587741433e+00  1.842869251239e+00 -9.166165515440e-01
 3.728185096070e+00  2.692564081125e+00  3.938312002063e+00
 3.773571498802e+00  6.101503210828e+00  8.069306489207e-01
